Change Component Footprint: Designator=C2 Old Footprint=CAPC1206(3216)150_M New Footprint=CAPC1206(3216)150_M
Change Component Footprint: Designator=Q1 Old Footprint=FP-318-08-MFG New Footprint=FP-318-08-MFG
Change Component Footprint: Designator=Q2 Old Footprint=FP-318-08-MFG New Footprint=FP-318-08-MFG
Change Component Footprint: Designator=C3 Old Footprint=FP-1206-L_3_2_0_2-W_1_6_0-IPC_B New Footprint=FP-1206-L_3_2_0_2-W_1_6_0-IPC_B
Change Component Footprint: Designator=C4 Old Footprint=FP-1206-L_3_2_0_2-W_1_6_0-IPC_B New Footprint=FP-1206-L_3_2_0_2-W_1_6_0-IPC_B
Change Component Footprint: Designator=C5 Old Footprint=FP-1206-L_3_2_0_2-W_1_6_0-MFG New Footprint=FP-1206-L_3_2_0_2-W_1_6_0-MFG
Change Component Footprint: Designator=C1 Old Footprint=FP-AC1206-0_85-IPC_C New Footprint=FP-AC1206-0_85-IPC_C
Change Component Footprint: Designator=C7 Old Footprint=FP-AC1206-0_85-IPC_C New Footprint=FP-AC1206-0_85-IPC_C
Change Component Footprint: Designator=R1 Old Footprint=FP-CRCW1206-e3-IPC_B New Footprint=FP-CRCW1206-e3-IPC_B
Change Component Footprint: Designator=R4 Old Footprint=FP-CRCW1206-e3-IPC_B New Footprint=FP-CRCW1206-e3-IPC_B
Change Component Footprint: Designator=R12 Old Footprint=FP-CRCW1206-e3-IPC_B New Footprint=FP-CRCW1206-e3-IPC_B
Change Component Footprint: Designator=R13 Old Footprint=FP-CRCW1206-e3-IPC_B New Footprint=FP-CRCW1206-e3-IPC_B
Change Component Footprint: Designator=R5 Old Footprint=FP-CRCW1206-e3-IPC_B New Footprint=FP-RP732B-IPC_C
Change Component Footprint: Designator=R11 Old Footprint=FP-CRCW1206-e3-IPC_B New Footprint=FP-RP732B-IPC_C
Change Component Footprint: Designator=R2 Old Footprint=FP-CRGCQ2010-IPC_A New Footprint=FP-CRGCQ2010-IPC_A
Change Component Footprint: Designator=R3 Old Footprint=FP-CRGCQ2010-IPC_A New Footprint=FP-CRGCQ2010-IPC_A
Change Component Footprint: Designator=R7 Old Footprint=FP-CRGCQ2010-IPC_A New Footprint=FP-CRGCQ2010-IPC_A
Change Component Footprint: Designator=R8 Old Footprint=FP-CRGCQ2010-IPC_A New Footprint=FP-CRGCQ2010-IPC_A
Change Component Footprint: Designator=R6 Old Footprint=FP-CRGCQ2010-IPC_A New Footprint=FP-RP732B-IPC_C
Change Component Footprint: Designator=R9 Old Footprint=FP-CRGCQ2010-IPC_A New Footprint=FP-RP732B-IPC_C
Change Component Footprint: Designator=R10 Old Footprint=FP-CRGCQ2010-IPC_A New Footprint=FP-RP732B-IPC_C
Change Component Footprint: Designator=C6 Old Footprint=FP-GCJ31C-0_4-MFG New Footprint=FP-GCJ31C-0_4-MFG
Change Component Footprint: Designator=D1 Old Footprint=FP-HLMP-1301-MFG New Footprint=FP-HLMP-1301-MFG
Change Component Footprint: Designator=SW1 Old Footprint=FP-SKSTAAE010-MFG New Footprint=FP-SKSTAAE010-MFG
Change Component Footprint: Designator=SW2 Old Footprint=FP-SKSTAAE010-MFG New Footprint=FP-SKSTAAE010-MFG
Change Component Footprint: Designator=P2 Old Footprint=SMTC-TSW-102-26-XX-S New Footprint=SMTC-TSW-102-26-XX-S
Change Managed Component Library Link : Designator=R5 Old VaultGUID= New VaultGUID=B7D15EC3-160A-466F-A46C-7801FE6295A7 Old ItemGUID= New ItemGUID=3241D424-F15C-4CB9-9EB0-95D8C4B17C9C Old RevisionGUID= New RevisionGUID=C88AA68B-9100-452A-8C73-27F93A0C2092
Change Managed Component Library Link : Designator=R6 Old VaultGUID= New VaultGUID=B7D15EC3-160A-466F-A46C-7801FE6295A7 Old ItemGUID= New ItemGUID=3241D424-F15C-4CB9-9EB0-95D8C4B17C9C Old RevisionGUID= New RevisionGUID=C88AA68B-9100-452A-8C73-27F93A0C2092
Change Managed Component Library Link : Designator=R9 Old VaultGUID= New VaultGUID=B7D15EC3-160A-466F-A46C-7801FE6295A7 Old ItemGUID= New ItemGUID=3241D424-F15C-4CB9-9EB0-95D8C4B17C9C Old RevisionGUID= New RevisionGUID=C88AA68B-9100-452A-8C73-27F93A0C2092
Change Managed Component Library Link : Designator=R10 Old VaultGUID= New VaultGUID=B7D15EC3-160A-466F-A46C-7801FE6295A7 Old ItemGUID= New ItemGUID=3241D424-F15C-4CB9-9EB0-95D8C4B17C9C Old RevisionGUID= New RevisionGUID=C88AA68B-9100-452A-8C73-27F93A0C2092
Change Managed Component Library Link : Designator=R11 Old VaultGUID= New VaultGUID=B7D15EC3-160A-466F-A46C-7801FE6295A7 Old ItemGUID= New ItemGUID=3241D424-F15C-4CB9-9EB0-95D8C4B17C9C Old RevisionGUID= New RevisionGUID=C88AA68B-9100-452A-8C73-27F93A0C2092
Change component parameters: Designator = "R5" ("R5"); Footprint = "FP-CRCW1206-e3-IPC_B"; UniqueID = "\QMBJGQQQ" ("\QMBJGQQQ")
Change component parameters (AddParameter): Name = "Automotive"; Value = "No"; VariantName = "[No Variations]"
Change component parameters (AddParameter): Name = "Category"; Value = "Res"; VariantName = "[No Variations]"
Change component parameters (AddParameter): Name = "ComponentLink2Description"; Value = "Datasheet"; VariantName = "[No Variations]"
Change component parameters (AddParameter): Name = "ComponentLink2URL"; Value = "https://www.te.com/commerce/DocumentDelivery/DDEController?Action=showdoc&DocId=Data+Sheet%7F1773272%7FL%7Fpdf%7FEnglish%7FENG_DS_1773272_L.pdf%7F8-1879255-6"; VariantName = "[No Variations]"
Change component parameters (AddParameter): Name = "Composition"; Value = "Thin Film"; VariantName = "[No Variations]"
Change component parameters (AddParameter): Name = "Device Class L1"; Value = "Passive Components"; VariantName = "[No Variations]"
Change component parameters (AddParameter): Name = "Device Class L2"; Value = "Resistors"; VariantName = "[No Variations]"
Change component parameters (AddParameter): Name = "Device Class L3"; Value = "Chip SMD Resistors"; VariantName = "[No Variations]"
Change component parameters (AddParameter): Name = "Height"; Value = "0.65mm"; VariantName = "[No Variations]"
Change component parameters (AddParameter): Name = "Ipc Land Pattern Name"; Value = "RESC305155X55"; VariantName = "[No Variations]"
Change component parameters (AddParameter): Name = "Lead Free"; Value = "Yes"; VariantName = "[No Variations]"
Change component parameters (AddParameter): Name = "Manufacturer"; Value = "TE Connectivity"; VariantName = "[No Variations]"
Change component parameters (AddParameter): Name = "Manufacturer Part Number"; Value = "RP73D2B1K0BTG"; VariantName = "[No Variations]"
Change component parameters (AddParameter): Name = "Octopart"; Value = "https://octopart.com/rp73d2b1k0btg-te+connectivity-42012461"; VariantName = "[No Variations]"
Change component parameters (AddParameter): Name = "octopart_url"; Value = "https://octopart.com/rp73d2b1k0btg-te+connectivity-42012461"; VariantName = "[No Variations]"
Change component parameters (AddParameter): Name = "Package"; Value = "RP732B"; VariantName = "[No Variations]"
Change component parameters (AddParameter): Name = "packaging"; Value = "250 cut tape length"; VariantName = "[No Variations]"
Change component parameters (AddParameter): Name = "Power Rating"; Value = "0.25W"; VariantName = "[No Variations]"
Change component parameters (AddParameter): Name = "Resistance"; Value = "1.0K?"; VariantName = "[No Variations]"
Change component parameters (AddParameter): Name = "RoHS"; Value = "TRUE"; VariantName = "[No Variations]"
Change component parameters (AddParameter): Name = "Series"; Value = "RP73"; VariantName = "[No Variations]"
Change component parameters (AddParameter): Name = "Temperature"; Value = "-55°C to 155°C"; VariantName = "[No Variations]"
Change component parameters (AddParameter): Name = "Temperature Coefficient"; Value = "15ppm/°C"; VariantName = "[No Variations]"
Change component parameters (AddParameter): Name = "Temperature Range High"; Value = "155°C"; VariantName = "[No Variations]"
Change component parameters (AddParameter): Name = "Temperature Range Low"; Value = "-55°C"; VariantName = "[No Variations]"
Change component parameters (AddParameter): Name = "Tolerance"; Value = "0.1%"; VariantName = "[No Variations]"
Change component parameters (AddParameter): Name = "Value"; Value = "1.0K?"; VariantName = "[No Variations]"
Change component parameters (AddParameter): Name = "Voltage Rating"; Value = "200V"; VariantName = "[No Variations]"
Change component parameters: Designator = "R6" ("R6"); Footprint = "FP-CRGCQ2010-IPC_A"; UniqueID = "\BWIBNKYN" ("\BWIBNKYN")
Change component parameters (AddParameter): Name = "Automotive"; Value = "No"; VariantName = "[No Variations]"
Change component parameters (AddParameter): Name = "Category"; Value = "Res"; VariantName = "[No Variations]"
Change component parameters (AddParameter): Name = "ComponentLink2Description"; Value = "Datasheet"; VariantName = "[No Variations]"
Change component parameters (AddParameter): Name = "ComponentLink2URL"; Value = "https://www.te.com/commerce/DocumentDelivery/DDEController?Action=showdoc&DocId=Data+Sheet%7F1773272%7FL%7Fpdf%7FEnglish%7FENG_DS_1773272_L.pdf%7F8-1879255-6"; VariantName = "[No Variations]"
Change component parameters (AddParameter): Name = "Composition"; Value = "Thin Film"; VariantName = "[No Variations]"
Change component parameters (AddParameter): Name = "Device Class L1"; Value = "Passive Components"; VariantName = "[No Variations]"
Change component parameters (AddParameter): Name = "Device Class L2"; Value = "Resistors"; VariantName = "[No Variations]"
Change component parameters (AddParameter): Name = "Device Class L3"; Value = "Chip SMD Resistors"; VariantName = "[No Variations]"
Change component parameters (AddParameter): Name = "Height"; Value = "0.65mm"; VariantName = "[No Variations]"
Change component parameters (AddParameter): Name = "Ipc Land Pattern Name"; Value = "RESC305155X55"; VariantName = "[No Variations]"
Change component parameters (AddParameter): Name = "Lead Free"; Value = "Yes"; VariantName = "[No Variations]"
Change component parameters (AddParameter): Name = "Manufacturer"; Value = "TE Connectivity"; VariantName = "[No Variations]"
Change component parameters (AddParameter): Name = "Manufacturer Part Number"; Value = "RP73D2B1K0BTG"; VariantName = "[No Variations]"
Change component parameters (AddParameter): Name = "Octopart"; Value = "https://octopart.com/rp73d2b1k0btg-te+connectivity-42012461"; VariantName = "[No Variations]"
Change component parameters (AddParameter): Name = "octopart_url"; Value = "https://octopart.com/rp73d2b1k0btg-te+connectivity-42012461"; VariantName = "[No Variations]"
Change component parameters (AddParameter): Name = "Package"; Value = "RP732B"; VariantName = "[No Variations]"
Change component parameters (AddParameter): Name = "packaging"; Value = "250 cut tape length"; VariantName = "[No Variations]"
Change component parameters (AddParameter): Name = "Power Rating"; Value = "0.25W"; VariantName = "[No Variations]"
Change component parameters (AddParameter): Name = "Resistance"; Value = "1.0K?"; VariantName = "[No Variations]"
Change component parameters (AddParameter): Name = "RoHS"; Value = "TRUE"; VariantName = "[No Variations]"
Change component parameters (AddParameter): Name = "Series"; Value = "RP73"; VariantName = "[No Variations]"
Change component parameters (AddParameter): Name = "Temperature"; Value = "-55°C to 155°C"; VariantName = "[No Variations]"
Change component parameters (AddParameter): Name = "Temperature Coefficient"; Value = "15ppm/°C"; VariantName = "[No Variations]"
Change component parameters (AddParameter): Name = "Temperature Range High"; Value = "155°C"; VariantName = "[No Variations]"
Change component parameters (AddParameter): Name = "Temperature Range Low"; Value = "-55°C"; VariantName = "[No Variations]"
Change component parameters (AddParameter): Name = "Tolerance"; Value = "0.1%"; VariantName = "[No Variations]"
Change component parameters (AddParameter): Name = "Value"; Value = "1.0K?"; VariantName = "[No Variations]"
Change component parameters (AddParameter): Name = "Voltage Rating"; Value = "200V"; VariantName = "[No Variations]"
Change component parameters: Designator = "R9" ("R9"); Footprint = "FP-CRGCQ2010-IPC_A"; UniqueID = "\IRPVOHOQ" ("\IRPVOHOQ")
Change component parameters (AddParameter): Name = "Automotive"; Value = "No"; VariantName = "[No Variations]"
Change component parameters (AddParameter): Name = "Category"; Value = "Res"; VariantName = "[No Variations]"
Change component parameters (AddParameter): Name = "ComponentLink2Description"; Value = "Datasheet"; VariantName = "[No Variations]"
Change component parameters (AddParameter): Name = "ComponentLink2URL"; Value = "https://www.te.com/commerce/DocumentDelivery/DDEController?Action=showdoc&DocId=Data+Sheet%7F1773272%7FL%7Fpdf%7FEnglish%7FENG_DS_1773272_L.pdf%7F8-1879255-6"; VariantName = "[No Variations]"
Change component parameters (AddParameter): Name = "Composition"; Value = "Thin Film"; VariantName = "[No Variations]"
Change component parameters (AddParameter): Name = "Device Class L1"; Value = "Passive Components"; VariantName = "[No Variations]"
Change component parameters (AddParameter): Name = "Device Class L2"; Value = "Resistors"; VariantName = "[No Variations]"
Change component parameters (AddParameter): Name = "Device Class L3"; Value = "Chip SMD Resistors"; VariantName = "[No Variations]"
Change component parameters (AddParameter): Name = "Height"; Value = "0.65mm"; VariantName = "[No Variations]"
Change component parameters (AddParameter): Name = "Ipc Land Pattern Name"; Value = "RESC305155X55"; VariantName = "[No Variations]"
Change component parameters (AddParameter): Name = "Lead Free"; Value = "Yes"; VariantName = "[No Variations]"
Change component parameters (AddParameter): Name = "Manufacturer"; Value = "TE Connectivity"; VariantName = "[No Variations]"
Change component parameters (AddParameter): Name = "Manufacturer Part Number"; Value = "RP73D2B1K0BTG"; VariantName = "[No Variations]"
Change component parameters (AddParameter): Name = "Octopart"; Value = "https://octopart.com/rp73d2b1k0btg-te+connectivity-42012461"; VariantName = "[No Variations]"
Change component parameters (AddParameter): Name = "octopart_url"; Value = "https://octopart.com/rp73d2b1k0btg-te+connectivity-42012461"; VariantName = "[No Variations]"
Change component parameters (AddParameter): Name = "Package"; Value = "RP732B"; VariantName = "[No Variations]"
Change component parameters (AddParameter): Name = "packaging"; Value = "250 cut tape length"; VariantName = "[No Variations]"
Change component parameters (AddParameter): Name = "Power Rating"; Value = "0.25W"; VariantName = "[No Variations]"
Change component parameters (AddParameter): Name = "Resistance"; Value = "1.0K?"; VariantName = "[No Variations]"
Change component parameters (AddParameter): Name = "RoHS"; Value = "TRUE"; VariantName = "[No Variations]"
Change component parameters (AddParameter): Name = "Series"; Value = "RP73"; VariantName = "[No Variations]"
Change component parameters (AddParameter): Name = "Temperature"; Value = "-55°C to 155°C"; VariantName = "[No Variations]"
Change component parameters (AddParameter): Name = "Temperature Coefficient"; Value = "15ppm/°C"; VariantName = "[No Variations]"
Change component parameters (AddParameter): Name = "Temperature Range High"; Value = "155°C"; VariantName = "[No Variations]"
Change component parameters (AddParameter): Name = "Temperature Range Low"; Value = "-55°C"; VariantName = "[No Variations]"
Change component parameters (AddParameter): Name = "Tolerance"; Value = "0.1%"; VariantName = "[No Variations]"
Change component parameters (AddParameter): Name = "Value"; Value = "1.0K?"; VariantName = "[No Variations]"
Change component parameters (AddParameter): Name = "Voltage Rating"; Value = "200V"; VariantName = "[No Variations]"
Change component parameters: Designator = "R10" ("R10"); Footprint = "FP-CRGCQ2010-IPC_A"; UniqueID = "\ZEYKNXYC" ("\ZEYKNXYC")
Change component parameters (AddParameter): Name = "Automotive"; Value = "No"; VariantName = "[No Variations]"
Change component parameters (AddParameter): Name = "Category"; Value = "Res"; VariantName = "[No Variations]"
Change component parameters (AddParameter): Name = "ComponentLink2Description"; Value = "Datasheet"; VariantName = "[No Variations]"
Change component parameters (AddParameter): Name = "ComponentLink2URL"; Value = "https://www.te.com/commerce/DocumentDelivery/DDEController?Action=showdoc&DocId=Data+Sheet%7F1773272%7FL%7Fpdf%7FEnglish%7FENG_DS_1773272_L.pdf%7F8-1879255-6"; VariantName = "[No Variations]"
Change component parameters (AddParameter): Name = "Composition"; Value = "Thin Film"; VariantName = "[No Variations]"
Change component parameters (AddParameter): Name = "Device Class L1"; Value = "Passive Components"; VariantName = "[No Variations]"
Change component parameters (AddParameter): Name = "Device Class L2"; Value = "Resistors"; VariantName = "[No Variations]"
Change component parameters (AddParameter): Name = "Device Class L3"; Value = "Chip SMD Resistors"; VariantName = "[No Variations]"
Change component parameters (AddParameter): Name = "Height"; Value = "0.65mm"; VariantName = "[No Variations]"
Change component parameters (AddParameter): Name = "Ipc Land Pattern Name"; Value = "RESC305155X55"; VariantName = "[No Variations]"
Change component parameters (AddParameter): Name = "Lead Free"; Value = "Yes"; VariantName = "[No Variations]"
Change component parameters (AddParameter): Name = "Manufacturer"; Value = "TE Connectivity"; VariantName = "[No Variations]"
Change component parameters (AddParameter): Name = "Manufacturer Part Number"; Value = "RP73D2B1K0BTG"; VariantName = "[No Variations]"
Change component parameters (AddParameter): Name = "Octopart"; Value = "https://octopart.com/rp73d2b1k0btg-te+connectivity-42012461"; VariantName = "[No Variations]"
Change component parameters (AddParameter): Name = "octopart_url"; Value = "https://octopart.com/rp73d2b1k0btg-te+connectivity-42012461"; VariantName = "[No Variations]"
Change component parameters (AddParameter): Name = "Package"; Value = "RP732B"; VariantName = "[No Variations]"
Change component parameters (AddParameter): Name = "packaging"; Value = "250 cut tape length"; VariantName = "[No Variations]"
Change component parameters (AddParameter): Name = "Power Rating"; Value = "0.25W"; VariantName = "[No Variations]"
Change component parameters (AddParameter): Name = "Resistance"; Value = "1.0K?"; VariantName = "[No Variations]"
Change component parameters (AddParameter): Name = "RoHS"; Value = "TRUE"; VariantName = "[No Variations]"
Change component parameters (AddParameter): Name = "Series"; Value = "RP73"; VariantName = "[No Variations]"
Change component parameters (AddParameter): Name = "Temperature"; Value = "-55°C to 155°C"; VariantName = "[No Variations]"
Change component parameters (AddParameter): Name = "Temperature Coefficient"; Value = "15ppm/°C"; VariantName = "[No Variations]"
Change component parameters (AddParameter): Name = "Temperature Range High"; Value = "155°C"; VariantName = "[No Variations]"
Change component parameters (AddParameter): Name = "Temperature Range Low"; Value = "-55°C"; VariantName = "[No Variations]"
Change component parameters (AddParameter): Name = "Tolerance"; Value = "0.1%"; VariantName = "[No Variations]"
Change component parameters (AddParameter): Name = "Value"; Value = "1.0K?"; VariantName = "[No Variations]"
Change component parameters (AddParameter): Name = "Voltage Rating"; Value = "200V"; VariantName = "[No Variations]"
Change component parameters: Designator = "R11" ("R11"); Footprint = "FP-CRCW1206-e3-IPC_B"; UniqueID = "\IIARJDMY" ("\IIARJDMY")
Change component parameters (AddParameter): Name = "Automotive"; Value = "No"; VariantName = "[No Variations]"
Change component parameters (AddParameter): Name = "Category"; Value = "Res"; VariantName = "[No Variations]"
Change component parameters (AddParameter): Name = "ComponentLink2Description"; Value = "Datasheet"; VariantName = "[No Variations]"
Change component parameters (AddParameter): Name = "ComponentLink2URL"; Value = "https://www.te.com/commerce/DocumentDelivery/DDEController?Action=showdoc&DocId=Data+Sheet%7F1773272%7FL%7Fpdf%7FEnglish%7FENG_DS_1773272_L.pdf%7F8-1879255-6"; VariantName = "[No Variations]"
Change component parameters (AddParameter): Name = "Composition"; Value = "Thin Film"; VariantName = "[No Variations]"
Change component parameters (AddParameter): Name = "Device Class L1"; Value = "Passive Components"; VariantName = "[No Variations]"
Change component parameters (AddParameter): Name = "Device Class L2"; Value = "Resistors"; VariantName = "[No Variations]"
Change component parameters (AddParameter): Name = "Device Class L3"; Value = "Chip SMD Resistors"; VariantName = "[No Variations]"
Change component parameters (AddParameter): Name = "Height"; Value = "0.65mm"; VariantName = "[No Variations]"
Change component parameters (AddParameter): Name = "Ipc Land Pattern Name"; Value = "RESC305155X55"; VariantName = "[No Variations]"
Change component parameters (AddParameter): Name = "Lead Free"; Value = "Yes"; VariantName = "[No Variations]"
Change component parameters (AddParameter): Name = "Manufacturer"; Value = "TE Connectivity"; VariantName = "[No Variations]"
Change component parameters (AddParameter): Name = "Manufacturer Part Number"; Value = "RP73D2B1K0BTG"; VariantName = "[No Variations]"
Change component parameters (AddParameter): Name = "Octopart"; Value = "https://octopart.com/rp73d2b1k0btg-te+connectivity-42012461"; VariantName = "[No Variations]"
Change component parameters (AddParameter): Name = "octopart_url"; Value = "https://octopart.com/rp73d2b1k0btg-te+connectivity-42012461"; VariantName = "[No Variations]"
Change component parameters (AddParameter): Name = "Package"; Value = "RP732B"; VariantName = "[No Variations]"
Change component parameters (AddParameter): Name = "packaging"; Value = "250 cut tape length"; VariantName = "[No Variations]"
Change component parameters (AddParameter): Name = "Power Rating"; Value = "0.25W"; VariantName = "[No Variations]"
Change component parameters (AddParameter): Name = "Resistance"; Value = "1.0K?"; VariantName = "[No Variations]"
Change component parameters (AddParameter): Name = "RoHS"; Value = "TRUE"; VariantName = "[No Variations]"
Change component parameters (AddParameter): Name = "Series"; Value = "RP73"; VariantName = "[No Variations]"
Change component parameters (AddParameter): Name = "Temperature"; Value = "-55°C to 155°C"; VariantName = "[No Variations]"
Change component parameters (AddParameter): Name = "Temperature Coefficient"; Value = "15ppm/°C"; VariantName = "[No Variations]"
Change component parameters (AddParameter): Name = "Temperature Range High"; Value = "155°C"; VariantName = "[No Variations]"
Change component parameters (AddParameter): Name = "Temperature Range Low"; Value = "-55°C"; VariantName = "[No Variations]"
Change component parameters (AddParameter): Name = "Tolerance"; Value = "0.1%"; VariantName = "[No Variations]"
Change component parameters (AddParameter): Name = "Value"; Value = "1.0K?"; VariantName = "[No Variations]"
Change component parameters (AddParameter): Name = "Voltage Rating"; Value = "200V"; VariantName = "[No Variations]"
Added Pin To Net: NetName=3.3V Pin=R1-2
Added Pin To Net: NetName=3.3V Pin=R8-1
Added Pin To Net: NetName=GND Pin=R9-1
Added Pin To Net: NetName=3.3V Pin=R11-1
