Removed Pin From Net: NetName=RST Pin=U1-4
Removed Pin From Net: NetName=A1 Pin=U1-5
Removed Pin From Net: NetName=A2 Pin=U1-6
Removed Pin From Net: NetName=A3 Pin=U1-10
Removed Pin From Net: NetName=B5 Pin=U1-11
Removed Pin From Net: NetName=B4 Pin=U1-12
Removed Pin From Net: NetName=PC4 Pin=U1-14
Removed Pin From Net: NetName=PC5 Pin=U1-15
Removed Pin From Net: NetName=Swim Pin=U1-18
Added Component: Designator=U1(SOIC127P1035X255-20N)
Add component (AddParameter): Name = "Check_prices"; Value = "https://www.snapeda.com/parts/TM1637_SOP20/Titan+Micro+Electronics/view-part/?ref=eda"; VariantName = "[No Variations]"
Add component (AddParameter): Name = "MF"; Value = "Titan Micro Electronics"; VariantName = "[No Variations]"
Add component (AddParameter): Name = "MP"; Value = "TM1637_SOP20"; VariantName = "[No Variations]"
Add component (AddParameter): Name = "Package"; Value = "Package"; VariantName = "[No Variations]"
Add component (AddParameter): Name = "SnapEDA_Link"; Value = "https://www.snapeda.com/parts/TM1637_SOP20/Titan+Micro+Electronics/view-part/?ref=snap"; VariantName = "[No Variations]"
Add component (AddParameter): Name = "Value"; Value = ""; VariantName = "[No Variations]"
Added Pin To Net: NetName=GND Pin=U1-1
Added Pin To Net: NetName=A Pin=U1-2
Added Pin To Net: NetName=B Pin=U1-3
Added Pin To Net: NetName=C Pin=U1-4
Added Pin To Net: NetName=D Pin=U1-5
Added Pin To Net: NetName=E Pin=U1-6
Added Pin To Net: NetName=F Pin=U1-7
Added Pin To Net: NetName=G Pin=U1-8
Added Pin To Net: NetName=DP Pin=U1-9
Added Pin To Net: NetName=Grid4 Pin=U1-12
Added Pin To Net: NetName=Grid3 Pin=U1-13
Added Pin To Net: NetName=Grid2 Pin=U1-14
Added Pin To Net: NetName=Grid1 Pin=U1-15
Added Pin To Net: NetName=5 V Pin=U1-16
Added Pin To Net: NetName=DIO Pin=U1-17
Added Pin To Net: NetName=NetC4_1 Pin=U1-18
Added Member To Class: ClassName=Sheet1 Member=Component J1 Type-C
Added Member To Class: ClassName=Sheet1 Member=Component U1 TM1637
