Removed Pin From Net: NetName=CLK Pin=R2-1
Removed Pin From Net: NetName=PD5 Pin=R3-1
Removed Pin From Net: NetName=B4 Pin=R7-1
Removed Pin From Net: NetName=3.3V Pin=R7-2
Removed Pin From Net: NetName=B5 Pin=R8-1
Removed Member From Class: ClassName=Sheet1 Member=R7
Removed Member From Class: ClassName=Sheet1 Member=R8
Change Component Footprint: Designator=C2 Old Footprint=CAPC1206(3216)150_M New Footprint=CAPC1206(3216)150_M
Change Component Footprint: Designator=Q1 Old Footprint=FP-318-08-MFG New Footprint=FP-318-08-MFG
Change Component Footprint: Designator=Q2 Old Footprint=FP-318-08-MFG New Footprint=FP-318-08-MFG
Change Component Footprint: Designator=C3 Old Footprint=FP-1206-L_3_2_0_2-W_1_6_0-IPC_B New Footprint=FP-1206-L_3_2_0_2-W_1_6_0-IPC_B
Change Component Footprint: Designator=C4 Old Footprint=FP-1206-L_3_2_0_2-W_1_6_0-IPC_B New Footprint=FP-1206-L_3_2_0_2-W_1_6_0-IPC_B
Change Component Footprint: Designator=C5 Old Footprint=FP-1206-L_3_2_0_2-W_1_6_0-MFG New Footprint=FP-1206-L_3_2_0_2-W_1_6_0-MFG
Change Component Footprint: Designator=C1 Old Footprint=FP-AC1206-0_85-IPC_C New Footprint=FP-AC1206-0_85-IPC_C
Change Component Footprint: Designator=C7 Old Footprint=FP-AC1206-0_85-IPC_C New Footprint=FP-AC1206-0_85-IPC_C
Change Component Footprint: Designator=R1 Old Footprint=FP-CRCW1206-e3-IPC_B New Footprint=FP-CRCW1206-e3-IPC_B
Change Component Footprint: Designator=R4 Old Footprint=FP-CRCW1206-e3-IPC_B New Footprint=FP-CRCW1206-e3-IPC_B
Change Component Footprint: Designator=R12 Old Footprint=FP-CRCW1206-e3-IPC_B New Footprint=FP-CRCW1206-e3-IPC_B
Change Component Footprint: Designator=R13 Old Footprint=FP-CRCW1206-e3-IPC_B New Footprint=FP-CRCW1206-e3-IPC_B
Change Component Footprint: Designator=R2 Old Footprint=FP-CRGCQ2010-IPC_A New Footprint=FP-CRCW1206-e3-IPC_B
Change Component Footprint: Designator=R3 Old Footprint=FP-CRGCQ2010-IPC_A New Footprint=FP-CRCW1206-e3-IPC_B
Change Component Footprint: Designator=C6 Old Footprint=FP-GCJ31C-0_4-MFG New Footprint=FP-GCJ31C-0_4-MFG
Change Component Footprint: Designator=D1 Old Footprint=FP-HLMP-1301-MFG New Footprint=FP-HLMP-1301-MFG
Change Component Footprint: Designator=SW1 Old Footprint=FP-SKSTAAE010-MFG New Footprint=FP-SKSTAAE010-MFG
Change Component Footprint: Designator=SW2 Old Footprint=FP-SKSTAAE010-MFG New Footprint=FP-SKSTAAE010-MFG
Change Component Footprint: Designator=P2 Old Footprint=SMTC-TSW-102-26-XX-S New Footprint=SMTC-TSW-102-26-XX-S
Change Component Comment : Designator=R2 Old Comment=1K New Comment=10k
Change Component Comment : Designator=R3 Old Comment=1K New Comment=10k
Added Component: Designator=R?(FP-RP732B-IPC_C)
Add component (AddParameter): Name = "Automotive"; Value = "No"; VariantName = "[No Variations]"
Add component (AddParameter): Name = "Category"; Value = "Res"; VariantName = "[No Variations]"
Add component (AddParameter): Name = "ComponentLink2Description"; Value = "Datasheet"; VariantName = "[No Variations]"
Add component (AddParameter): Name = "ComponentLink2URL"; Value = "https://www.te.com/commerce/DocumentDelivery/DDEController?Action=showdoc&DocId=Data+Sheet%7F1773272%7FL%7Fpdf%7FEnglish%7FENG_DS_1773272_L.pdf%7F8-1879255-6"; VariantName = "[No Variations]"
Add component (AddParameter): Name = "Composition"; Value = "Thin Film"; VariantName = "[No Variations]"
Add component (AddParameter): Name = "Device Class L1"; Value = "Passive Components"; VariantName = "[No Variations]"
Add component (AddParameter): Name = "Device Class L2"; Value = "Resistors"; VariantName = "[No Variations]"
Add component (AddParameter): Name = "Device Class L3"; Value = "Chip SMD Resistors"; VariantName = "[No Variations]"
Add component (AddParameter): Name = "Height"; Value = "0.65mm"; VariantName = "[No Variations]"
Add component (AddParameter): Name = "Ipc Land Pattern Name"; Value = "RESC305155X55"; VariantName = "[No Variations]"
Add component (AddParameter): Name = "Lead Free"; Value = "Yes"; VariantName = "[No Variations]"
Add component (AddParameter): Name = "Manufacturer"; Value = "TE Connectivity"; VariantName = "[No Variations]"
Add component (AddParameter): Name = "Manufacturer Part Number"; Value = "RP73D2B1K0BTG"; VariantName = "[No Variations]"
Add component (AddParameter): Name = "Octopart"; Value = "https://octopart.com/rp73d2b1k0btg-te+connectivity-42012461"; VariantName = "[No Variations]"
Add component (AddParameter): Name = "octopart_url"; Value = "https://octopart.com/rp73d2b1k0btg-te+connectivity-42012461"; VariantName = "[No Variations]"
Add component (AddParameter): Name = "Package"; Value = "RP732B"; VariantName = "[No Variations]"
Add component (AddParameter): Name = "packaging"; Value = "250 cut tape length"; VariantName = "[No Variations]"
Add component (AddParameter): Name = "Power Rating"; Value = "0.25W"; VariantName = "[No Variations]"
Add component (AddParameter): Name = "Resistance"; Value = "1.0K?"; VariantName = "[No Variations]"
Add component (AddParameter): Name = "RoHS"; Value = "TRUE"; VariantName = "[No Variations]"
Add component (AddParameter): Name = "Series"; Value = "RP73"; VariantName = "[No Variations]"
Add component (AddParameter): Name = "Temperature"; Value = "-55°C to 155°C"; VariantName = "[No Variations]"
Add component (AddParameter): Name = "Temperature Coefficient"; Value = "15ppm/°C"; VariantName = "[No Variations]"
Add component (AddParameter): Name = "Temperature Range High"; Value = "155°C"; VariantName = "[No Variations]"
Add component (AddParameter): Name = "Temperature Range Low"; Value = "-55°C"; VariantName = "[No Variations]"
Add component (AddParameter): Name = "Tolerance"; Value = "0.1%"; VariantName = "[No Variations]"
Add component (AddParameter): Name = "Value"; Value = "1.0K?"; VariantName = "[No Variations]"
Add component (AddParameter): Name = "Voltage Rating"; Value = "200V"; VariantName = "[No Variations]"
Added Component: Designator=R?(FP-RP732B-IPC_C)
Add component (AddParameter): Name = "Automotive"; Value = "No"; VariantName = "[No Variations]"
Add component (AddParameter): Name = "Category"; Value = "Res"; VariantName = "[No Variations]"
Add component (AddParameter): Name = "ComponentLink2Description"; Value = "Datasheet"; VariantName = "[No Variations]"
Add component (AddParameter): Name = "ComponentLink2URL"; Value = "https://www.te.com/commerce/DocumentDelivery/DDEController?Action=showdoc&DocId=Data+Sheet%7F1773272%7FL%7Fpdf%7FEnglish%7FENG_DS_1773272_L.pdf%7F8-1879255-6"; VariantName = "[No Variations]"
Add component (AddParameter): Name = "Composition"; Value = "Thin Film"; VariantName = "[No Variations]"
Add component (AddParameter): Name = "Device Class L1"; Value = "Passive Components"; VariantName = "[No Variations]"
Add component (AddParameter): Name = "Device Class L2"; Value = "Resistors"; VariantName = "[No Variations]"
Add component (AddParameter): Name = "Device Class L3"; Value = "Chip SMD Resistors"; VariantName = "[No Variations]"
Add component (AddParameter): Name = "Height"; Value = "0.65mm"; VariantName = "[No Variations]"
Add component (AddParameter): Name = "Ipc Land Pattern Name"; Value = "RESC305155X55"; VariantName = "[No Variations]"
Add component (AddParameter): Name = "Lead Free"; Value = "Yes"; VariantName = "[No Variations]"
Add component (AddParameter): Name = "Manufacturer"; Value = "TE Connectivity"; VariantName = "[No Variations]"
Add component (AddParameter): Name = "Manufacturer Part Number"; Value = "RP73D2B1K0BTG"; VariantName = "[No Variations]"
Add component (AddParameter): Name = "Octopart"; Value = "https://octopart.com/rp73d2b1k0btg-te+connectivity-42012461"; VariantName = "[No Variations]"
Add component (AddParameter): Name = "octopart_url"; Value = "https://octopart.com/rp73d2b1k0btg-te+connectivity-42012461"; VariantName = "[No Variations]"
Add component (AddParameter): Name = "Package"; Value = "RP732B"; VariantName = "[No Variations]"
Add component (AddParameter): Name = "packaging"; Value = "250 cut tape length"; VariantName = "[No Variations]"
Add component (AddParameter): Name = "Power Rating"; Value = "0.25W"; VariantName = "[No Variations]"
Add component (AddParameter): Name = "Resistance"; Value = "1.0K?"; VariantName = "[No Variations]"
Add component (AddParameter): Name = "RoHS"; Value = "TRUE"; VariantName = "[No Variations]"
Add component (AddParameter): Name = "Series"; Value = "RP73"; VariantName = "[No Variations]"
Add component (AddParameter): Name = "Temperature"; Value = "-55°C to 155°C"; VariantName = "[No Variations]"
Add component (AddParameter): Name = "Temperature Coefficient"; Value = "15ppm/°C"; VariantName = "[No Variations]"
Add component (AddParameter): Name = "Temperature Range High"; Value = "155°C"; VariantName = "[No Variations]"
Add component (AddParameter): Name = "Temperature Range Low"; Value = "-55°C"; VariantName = "[No Variations]"
Add component (AddParameter): Name = "Tolerance"; Value = "0.1%"; VariantName = "[No Variations]"
Add component (AddParameter): Name = "Value"; Value = "1.0K?"; VariantName = "[No Variations]"
Add component (AddParameter): Name = "Voltage Rating"; Value = "200V"; VariantName = "[No Variations]"
Added Pin To Net: NetName=3.3V Pin=R1-2
Added Pin To Net: NetName=CLK Pin=R2-2
Added Pin To Net: NetName=PD5 Pin=R3-2
Added Pin To Net: NetName=B4 Pin=R?-1
Added Pin To Net: NetName=B5 Pin=R?-1
Added Pin To Net: NetName=3.3V Pin=R?-2
Added Pin To Net: NetName=3.3V Pin=R?-2
Added Member To Class: ClassName=Sheet1 Member=Component R? 1k
Added Member To Class: ClassName=Sheet1 Member=Component R? 1k
