Removed Pin From Net: NetName=RST Pin=U1-4
Removed Pin From Net: NetName=A1 Pin=U1-5
Removed Pin From Net: NetName=A2 Pin=U1-6
Removed Pin From Net: NetName=A3 Pin=U1-10
Removed Pin From Net: NetName=B5 Pin=U1-11
Removed Pin From Net: NetName=B4 Pin=U1-12
Removed Pin From Net: NetName=PC4 Pin=U1-14
Removed Pin From Net: NetName=PC5 Pin=U1-15
Removed Pin From Net: NetName=Swim Pin=U1-18
Added Component: Designator=J1(TE_2345986-1)
Add component (AddParameter): Name = "Availability"; Value = "Unavailable"; VariantName = "[No Variations]"
Add component (AddParameter): Name = "MF"; Value = ""; VariantName = "[No Variations]"
Add component (AddParameter): Name = "MP"; Value = "2345986-1"; VariantName = "[No Variations]"
Add component (AddParameter): Name = "Package"; Value = "None"; VariantName = "[No Variations]"
Add component (AddParameter): Name = "Price"; Value = "None"; VariantName = "[No Variations]"
Add component (AddParameter): Name = "Value"; Value = ""; VariantName = "[No Variations]"
Added Pin To Net: NetName=GND Pin=J1-A1
Added Pin To Net: NetName=5 V Pin=J1-A4
Added Pin To Net: NetName=5 V Pin=J1-A9
Added Pin To Net: NetName=GND Pin=J1-A12
Added Pin To Net: NetName=GND Pin=J1-B1
Added Pin To Net: NetName=5 V Pin=J1-B4
Added Pin To Net: NetName=5 V Pin=J1-B9
Added Pin To Net: NetName=GND Pin=J1-B12
Added Member To Class: ClassName=Sheet1 Member=Component J1 2345986-1
Added Member To Class: ClassName=Sheet1 Member=Component U1 STM8S103
