Removed Pin From Net: NetName=NetD2_1 Pin=D4-A
Removed Pin From Net: NetName=GND Pin=D4-C
Removed Member From Class: ClassName=Sheet1 Member=D4
Change Component Footprint: Designator=C2 Old Footprint=CAPC1206(3216)150_M New Footprint=CAPC1206(3216)150_M
Change Component Footprint: Designator=Q3 Old Footprint=FP-318-08-MFG New Footprint=FP-318-08-MFG
Change Component Footprint: Designator=C3 Old Footprint=FP-1206-L_3_2_0_2-W_1_6_0-IPC_B New Footprint=FP-1206-L_3_2_0_2-W_1_6_0-IPC_B
Change Component Footprint: Designator=C4 Old Footprint=FP-1206-L_3_2_0_2-W_1_6_0-IPC_B New Footprint=FP-1206-L_3_2_0_2-W_1_6_0-IPC_B
Change Component Footprint: Designator=C5 Old Footprint=FP-1206-L_3_2_0_2-W_1_6_0-MFG New Footprint=FP-1206-L_3_2_0_2-W_1_6_0-MFG
Change Component Footprint: Designator=C1 Old Footprint=FP-AC1206-0_85-IPC_C New Footprint=FP-AC1206-0_85-IPC_C
Change Component Footprint: Designator=C7 Old Footprint=FP-AC1206-0_85-IPC_C New Footprint=FP-AC1206-0_85-IPC_C
Change Component Footprint: Designator=C6 Old Footprint=FP-GCJ31C-0_4-MFG New Footprint=FP-GCJ31C-0_4-MFG
Change Component Footprint: Designator=SW1 Old Footprint=FP-SKSTAAE010-MFG New Footprint=FP-SKSTAAE010-MFG
Change Component Footprint: Designator=SW2 Old Footprint=FP-SKSTAAE010-MFG New Footprint=FP-SKSTAAE010-MFG
Change Component Footprint: Designator=D2 Old Footprint=INF-TSLP-2-17_V New Footprint=FP-425AD-MFG
Change Component Footprint: Designator=D3 Old Footprint=INF-TSLP-2-17_V New Footprint=FP-425AD-MFG
Change Component Footprint: Designator=D1 Old Footprint=LEDC1608X65N New Footprint=FP-HLMP-1301-MFG
Change Managed Component Library Link : Designator=D2 Old VaultGUID=B7D15EC3-160A-466F-A46C-7801FE6295A7 New VaultGUID= Old ItemGUID=2150FABA-C818-4951-90F8-345D7CE2D22B New ItemGUID= Old RevisionGUID=174BF54B-7635-4550-81E2-E431822E5DB5 New RevisionGUID=
Change Managed Component Library Link : Designator=D3 Old VaultGUID=B7D15EC3-160A-466F-A46C-7801FE6295A7 New VaultGUID= Old ItemGUID=2150FABA-C818-4951-90F8-345D7CE2D22B New ItemGUID= Old RevisionGUID=174BF54B-7635-4550-81E2-E431822E5DB5 New RevisionGUID=
Change component parameters: Designator = "D1" ("D1"); Footprint = "LEDC1608X65N"; UniqueID = "\ARMHCLSK" ("\ARMHCLSK")
Change component parameters (AddParameter): Name = "Automotive"; Value = "No"; VariantName = "[No Variations]"
Change component parameters (AddParameter): Name = "Category"; Value = "Diode"; VariantName = "[No Variations]"
Change component parameters (AddParameter): Name = "Colour"; Value = "Red"; VariantName = "[No Variations]"
Change component parameters (AddParameter): Name = "ComponentLink2Description"; Value = "Datasheet"; VariantName = "[No Variations]"
Change component parameters (AddParameter): Name = "ComponentLink2URL"; Value = "https://docs.broadcom.com/docs/AV02-1555EN"; VariantName = "[No Variations]"
Change component parameters (AddParameter): Name = "Device Class L1"; Value = "Optoelectronics"; VariantName = "[No Variations]"
Change component parameters (AddParameter): Name = "Device Class L2"; Value = "LEDs"; VariantName = "[No Variations]"
Change component parameters (AddParameter): Name = "Device Class L3"; Value = "unset"; VariantName = "[No Variations]"
Change component parameters (AddParameter): Name = "Digikey Description"; Value = "LED RED DIFFUSED T-1 T/H"; VariantName = "[No Variations]"
Change component parameters (AddParameter): Name = "Forward Current"; Value = "10mA"; VariantName = "[No Variations]"
Change component parameters (AddParameter): Name = "Forward Voltage"; Value = "1.9V"; VariantName = "[No Variations]"
Change component parameters (AddParameter): Name = "Lead Free"; Value = "Yes"; VariantName = "[No Variations]"
Change component parameters (AddParameter): Name = "Led Orientation"; Value = "Straight"; VariantName = "[No Variations]"
Change component parameters (AddParameter): Name = "Luminous Intensity"; Value = "3.4mcd"; VariantName = "[No Variations]"
Change component parameters (AddParameter): Name = "Manufacturer"; Value = "Broadcom"; VariantName = "[No Variations]"
Change component parameters (AddParameter): Name = "Manufacturer Part Number"; Value = "HLMP-1301"; VariantName = "[No Variations]"
Change component parameters (AddParameter): Name = "Max Junction Temp"; Value = "+110°C"; VariantName = "[No Variations]"
Change component parameters (AddParameter): Name = "Mouser Description"; Value = "Standard LEDs - Through Hole Red Diffused 635nm 3.4mcd"; VariantName = "[No Variations]"
Change component parameters (AddParameter): Name = "Octopart"; Value = "https://octopart.com/hlmp-1301-broadcom-71130345"; VariantName = "[No Variations]"
Change component parameters (AddParameter): Name = "Package"; Value = "0"; VariantName = "[No Variations]"
Change component parameters (AddParameter): Name = "Peak Emmision Wavelength"; Value = "635nm"; VariantName = "[No Variations]"
Change component parameters (AddParameter): Name = "Reverse Voltage"; Value = "5V"; VariantName = "[No Variations]"
Change component parameters (AddParameter): Name = "RoHS"; Value = "TRUE"; VariantName = "[No Variations]"
Change component parameters (AddParameter): Name = "Temperature"; Value = "-40°C to +100°C"; VariantName = "[No Variations]"
Change component parameters (AddParameter): Name = "Temperature Range High"; Value = "+100°C"; VariantName = "[No Variations]"
Change component parameters (AddParameter): Name = "Temperature Range Low"; Value = "-40°C"; VariantName = "[No Variations]"
Change component parameters (AddParameter): Name = "Viewing Angle"; Value = "60°"; VariantName = "[No Variations]"
Change component parameters (AddParameter): Name = "Wavelength"; Value = "626nm"; VariantName = "[No Variations]"
Change component parameters: Designator = "D2" ("D2"); Footprint = "INF-TSLP-2-17_V"; UniqueID = "\AJNEFUFP" ("\AJNEFUFP")
Change component parameters (AddParameter): Name = "Average Rectified Current"; Value = "1A"; VariantName = "[No Variations]"
Change component parameters (AddParameter): Name = "Element Configuration"; Value = "Single"; VariantName = "[No Variations]"
Change component parameters (AddParameter): Name = "Forward Current"; Value = "1A"; VariantName = "[No Variations]"
Change component parameters (AddParameter): Name = "Lifecycle Status"; Value = "NRND"; VariantName = "[No Variations]"
Change component parameters (AddParameter): Name = "Manufacturer Lifecycle Status"; Value = "ACTIVE, NOT REC"; VariantName = "[No Variations]"
Change component parameters (AddParameter): Name = "Max Forward Surge Current (Ifsm)"; Value = "30A"; VariantName = "[No Variations]"
Change component parameters (AddParameter): Name = "Max Operating Temperature"; Value = "150°C"; VariantName = "[No Variations]"
Change component parameters (AddParameter): Name = "Max Repetitive Reverse Voltage (Vrrm)"; Value = "600V"; VariantName = "[No Variations]"
Change component parameters (AddParameter): Name = "Max Reverse Voltage (DC)"; Value = "600V"; VariantName = "[No Variations]"
Change component parameters (AddParameter): Name = "Min Operating Temperature"; Value = "-50°C"; VariantName = "[No Variations]"
Change component parameters (AddParameter): Name = "Mount"; Value = "Surface Mount"; VariantName = "[No Variations]"
Change component parameters (AddParameter): Name = "NexarPartId"; Value = "84331277"; VariantName = "[No Variations]"
Change component parameters (AddParameter): Name = "Reverse Recovery Time"; Value = "2µs"; VariantName = "[No Variations]"
Change component parameters (AddParameter): Name = "RoHS"; Value = "Compliant"; VariantName = "[No Variations]"
Change component parameters (AddParameter): Name = "Schedule B"; Value = "8541100080, 8541100080|8541100080, 8541100080|8541100080|8541100080, 8541100080|8541100080|8541100080|8541100080"; VariantName = "[No Variations]"
Change component parameters (AddParameter): Name = "Weight"; Value = "27.6mg"; VariantName = "[No Variations]"
Change component parameters: Designator = "D3" ("D3"); Footprint = "INF-TSLP-2-17_V"; UniqueID = "\ZPVSYVXY" ("\ZPVSYVXY")
Change component parameters (AddParameter): Name = "Average Rectified Current"; Value = "1A"; VariantName = "[No Variations]"
Change component parameters (AddParameter): Name = "Element Configuration"; Value = "Single"; VariantName = "[No Variations]"
Change component parameters (AddParameter): Name = "Forward Current"; Value = "1A"; VariantName = "[No Variations]"
Change component parameters (AddParameter): Name = "Lifecycle Status"; Value = "NRND"; VariantName = "[No Variations]"
Change component parameters (AddParameter): Name = "Manufacturer Lifecycle Status"; Value = "ACTIVE, NOT REC"; VariantName = "[No Variations]"
Change component parameters (AddParameter): Name = "Max Forward Surge Current (Ifsm)"; Value = "30A"; VariantName = "[No Variations]"
Change component parameters (AddParameter): Name = "Max Operating Temperature"; Value = "150°C"; VariantName = "[No Variations]"
Change component parameters (AddParameter): Name = "Max Repetitive Reverse Voltage (Vrrm)"; Value = "600V"; VariantName = "[No Variations]"
Change component parameters (AddParameter): Name = "Max Reverse Voltage (DC)"; Value = "600V"; VariantName = "[No Variations]"
Change component parameters (AddParameter): Name = "Min Operating Temperature"; Value = "-50°C"; VariantName = "[No Variations]"
Change component parameters (AddParameter): Name = "Mount"; Value = "Surface Mount"; VariantName = "[No Variations]"
Change component parameters (AddParameter): Name = "NexarPartId"; Value = "84331277"; VariantName = "[No Variations]"
Change component parameters (AddParameter): Name = "Reverse Recovery Time"; Value = "2µs"; VariantName = "[No Variations]"
Change component parameters (AddParameter): Name = "RoHS"; Value = "Compliant"; VariantName = "[No Variations]"
Change component parameters (AddParameter): Name = "Schedule B"; Value = "8541100080, 8541100080|8541100080, 8541100080|8541100080|8541100080, 8541100080|8541100080|8541100080|8541100080"; VariantName = "[No Variations]"
Change component parameters (AddParameter): Name = "Weight"; Value = "27.6mg"; VariantName = "[No Variations]"
Added Component: Designator=P2(SMTC-TSW-102-26-XX-S)
Add component (AddParameter): Name = "ComponentLink1Description"; Value = "Manufacturer URL"; VariantName = "[No Variations]"
Add component (AddParameter): Name = "ComponentLink1URL"; Value = "http://www.samtec.com"; VariantName = "[No Variations]"
Add component (AddParameter): Name = "ComponentLink2Description"; Value = "Datasheet"; VariantName = "[No Variations]"
Add component (AddParameter): Name = "ComponentLink2URL"; Value = "http://www.samtec.com/documents/webfiles/pdf/TSW_TH.PDF"; VariantName = "[No Variations]"
Add component (AddParameter): Name = "ComponentLink3Description"; Value = "Package Specification"; VariantName = "[No Variations]"
Add component (AddParameter): Name = "ComponentLink3URL"; Value = "http://www.samtec.com/documents/webfiles/cpdf/TSW-XXX-XX-XXX-X-XX-XXX-MKT.pdf"; VariantName = "[No Variations]"
Add component (AddParameter): Name = "DatasheetVersion"; Value = "F-214"; VariantName = "[No Variations]"
Add component (AddParameter): Name = "Manufacturer"; Value = "Samtec"; VariantName = "[No Variations]"
Add component (AddParameter): Name = "Mounting Technology"; Value = "Through-hole"; VariantName = "[No Variations]"
Add component (AddParameter): Name = "Orientation"; Value = "Vertical"; VariantName = "[No Variations]"
Add component (AddParameter): Name = "PackageDescription"; Value = ".025[0.64] SQ. Post Terminal Strip Assembly"; VariantName = "[No Variations]"
Add component (AddParameter): Name = "PackageReference"; Value = "TSW-102-26-XX-S"; VariantName = "[No Variations]"
Add component (AddParameter): Name = "PackageVersion"; Value = "DM, 8/1988"; VariantName = "[No Variations]"
Add component (AddParameter): Name = "PartNumber"; Value = "TSW-102-26-G-S"; VariantName = "[No Variations]"
Add component (AddParameter): Name = "Pitch"; Value = "2.54 mm"; VariantName = "[No Variations]"
Add component (AddParameter): Name = "RoHS"; Value = "True"; VariantName = "[No Variations]"
Add component (AddParameter): Name = "Temperature Range"; Value = "-55 to 125 degC"; VariantName = "[No Variations]"
Added Pin To Net: NetName=NetD2_1 Pin=P2-1
Added Pin To Net: NetName=GND Pin=P2-2
Added Pin To Net: NetName=CLK Pin=U1-1
Added Pin To Net: NetName=DIO Pin=U1-2
Added Pin To Net: NetName=A1 Pin=U1-5
Added Pin To Net: NetName=A2 Pin=U1-6
Added Pin To Net: NetName=B5 Pin=U1-11
Added Pin To Net: NetName=B4 Pin=U1-12
Added Pin To Net: NetName=A3 Pin=R8-2
Added Pin To Net: NetName=A3 Pin=U1-10
Added Net: Name=A3
Added Pin To Net: NetName=A Pin=DS1-11
Added Pin To Net: NetName=A Pin=U2-2
Added Net: Name=A
Added Pin To Net: NetName=B Pin=DS1-7
Added Pin To Net: NetName=B Pin=U2-3
Added Net: Name=B
Added Pin To Net: NetName=C Pin=DS1-4
Added Pin To Net: NetName=C Pin=U2-4
Added Net: Name=C
Added Pin To Net: NetName=DP Pin=DS1-3
Added Pin To Net: NetName=DP Pin=U2-9
Added Net: Name=DP
Added Pin To Net: NetName=D Pin=DS1-2
Added Pin To Net: NetName=D Pin=U2-5
Added Net: Name=D
Added Pin To Net: NetName=E Pin=DS1-1
Added Pin To Net: NetName=E Pin=U2-6
Added Net: Name=E
Added Pin To Net: NetName=F Pin=DS1-10
Added Pin To Net: NetName=F Pin=U2-7
Added Net: Name=F
Added Pin To Net: NetName=Grid1 Pin=DS1-12
Added Pin To Net: NetName=Grid1 Pin=U2-15
Added Net: Name=Grid1
Added Pin To Net: NetName=Grid2 Pin=DS1-9
Added Pin To Net: NetName=Grid2 Pin=U2-14
Added Net: Name=Grid2
Added Pin To Net: NetName=Grid3 Pin=DS1-8
Added Pin To Net: NetName=Grid3 Pin=U2-13
Added Net: Name=Grid3
Added Pin To Net: NetName=Grid4 Pin=DS1-6
Added Pin To Net: NetName=Grid4 Pin=U2-12
Added Net: Name=Grid4
Added Pin To Net: NetName=G Pin=DS1-5
Added Pin To Net: NetName=G Pin=U2-8
Added Net: Name=G
Added Pin To Net: NetName=NetD1_1 Pin=D1-1
Added Pin To Net: NetName=NetD1_1 Pin=Q1-2
Added Net: Name=NetD1_1
Added Pin To Net: NetName=NetD1_2 Pin=D1-2
Added Pin To Net: NetName=NetD1_2 Pin=R9-2
Added Net: Name=NetD1_2
Added Pin To Net: NetName=RST Pin=P1-2
Added Pin To Net: NetName=RST Pin=U1-4
Added Net: Name=RST
Added Pin To Net: NetName=Swim Pin=P1-3
Added Pin To Net: NetName=Swim Pin=U1-18
Added Net: Name=Swim
Added Member To Class: ClassName=Sheet1 Member=Component P2
