Remove Pin=DS1-1 From Net=E
Remove Pin=DS1-2 From Net=D
Remove Pin=DS1-3 From Net=DP
Remove Pin=DS1-4 From Net=C
Remove Pin=DS1-5 From Net=G
Remove Pin=DS1-6 From Net=Grid4
Remove Pin=DS1-7 From Net=B
Remove Pin=DS1-8 From Net=Grid3
Remove Pin=DS1-9 From Net=Grid2
Remove Pin=DS1-10 From Net=F
Remove Pin=DS1-11 From Net=A
Remove Pin=DS1-12 From Net=Grid1
Remove Pin=P1-2 From Net=RST
Remove Pin=P1-3 From Net=Swim
Remove Pin=R8-2 From Net=A3
Remove Pin=U1-1 From Net=CLK
Remove Pin=U1-2 From Net=DIO
Remove Pin=U1-4 From Net=RST
Remove Pin=U1-5 From Net=A1
Remove Pin=U1-6 From Net=A2
Remove Pin=U1-10 From Net=A3
Remove Pin=U1-11 From Net=B5
Remove Pin=U1-12 From Net=B4
Remove Pin=U1-18 From Net=Swim
Remove Pin=U2-2 From Net=A
Remove Pin=U2-3 From Net=B
Remove Pin=U2-4 From Net=C
Remove Pin=U2-5 From Net=D
Remove Pin=U2-6 From Net=E
Remove Pin=U2-7 From Net=F
Remove Pin=U2-8 From Net=G
Remove Pin=U2-9 From Net=DP
Remove Pin=U2-12 From Net=Grid4
Remove Pin=U2-13 From Net=Grid3
Remove Pin=U2-14 From Net=Grid2
Remove Pin=U2-15 From Net=Grid1
