Remove Pin=R11-1 From Net=A3
Change Component Footprint: Designator=R2 Old Footprint=FP-MCA1206-IPC_A New Footprint=FP-CRCW1206-e3-IPC_B
Change Component Footprint: Designator=R5 Old Footprint=FP-MCA1206-IPC_A New Footprint=FP-CRCW1206-e3-IPC_B
Change Component Footprint: Designator=R13 Old Footprint=FP-MCA1206-IPC_A New Footprint=FP-CRCW1206-e3-IPC_B
Change Component Footprint: Designator=R3 Old Footprint=FP-MCA1206-IPC_A New Footprint=FP-CRGCQ2010-IPC_A
Change Component Footprint: Designator=R4 Old Footprint=FP-MCA1206-IPC_A New Footprint=FP-CRGCQ2010-IPC_A
Change Component Footprint: Designator=R8 Old Footprint=FP-MCA1206-IPC_A New Footprint=FP-CRGCQ2010-IPC_A
Change Component Footprint: Designator=R9 Old Footprint=FP-MCA1206-IPC_A New Footprint=FP-CRGCQ2010-IPC_A
Change Component Footprint: Designator=R6 Old Footprint=RESC3216X60X45ML10T20 New Footprint=FP-CRCW1206-e3-IPC_B
Change Component Footprint: Designator=R12 Old Footprint=RESC3216X60X45ML10T20 New Footprint=FP-CRCW1206-e3-IPC_B
Change Component Footprint: Designator=R7 Old Footprint=RESC3216X60X45ML10T20 New Footprint=FP-CRGCQ2010-IPC_A
Change Component Footprint: Designator=R10 Old Footprint=RESC3216X60X45ML10T20 New Footprint=FP-CRGCQ2010-IPC_A
Change Component Footprint: Designator=R11 Old Footprint=RESC3216X60X45ML10T20 New Footprint=FP-CRGCQ2010-IPC_A
Change Component Footprint: Designator=P2 Old Footprint=SMTC-TSW-102-26-XX-S New Footprint=SMTC-TSW-102-26-XX-S
Change Component Comment: Designator=Q1 Old Comment= New Comment=BSS138
Change Component Comment: Designator=R6 Old Comment=1k New Comment=10K
Change Component Comment: Designator=R10 Old Comment=1k New Comment=10K
Change Component Comment: Designator=R11 Old Comment=1k New Comment=10K
Change Component Comment: Designator=R12 Old Comment=1k New Comment=10K
Change Component Comment: Designator=R3 Old Comment=10k New Comment=1K
Change Component Comment: Designator=R4 Old Comment=10k New Comment=1K
Change Component Comment: Designator=R8 Old Comment=10k New Comment=1K
Change Component Comment: Designator=R9 Old Comment=10k New Comment=1K
Change Component Designator: OldDesignator=Q1 NewDesignator=Q3
Change Component Designator: OldDesignator=Q3 NewDesignator=Q1
Change Component Designator: OldDesignator=Q4 NewDesignator=Q2
Change Component Designator: OldDesignator=Q4 NewDesignator=Q2
Add Pin To Net: Pin=R11-1 Old Net=A3 New Net=A2
Add Pin To Net: Pin=U1-1 Old Net=PD4 New Net=CLK
Add Pin To Net: Pin=U1-2 Old Net=PD5 New Net=DIO
Change Pin Designator/Name:  Old Designator=R2-1 Old Name=1 New Designator =2 New Name=2
Change Pin Designator/Name:  Old Designator=R9-2 Old Name=2 New Designator =1 New Name=1
Change Pin Designator/Name:  Old Designator=R10-1 Old Name=1 New Designator =2 New Name=2
Change Pin Designator/Name:  Old Designator=R12-1 Old Name=1 New Designator =2 New Name=2
